Change Component Designator: Old Designator=C1 New Designator=C3
Change Component Designator: Old Designator=C2 New Designator=C4
Change Component Designator: Old Designator=C3 New Designator=C1
Change Component Designator: Old Designator=C4 New Designator=C2
Change Component Designator: Old Designator=J? New Designator=J1
Change Component Designator: Old Designator=J? New Designator=J2
Change Component Designator: Old Designator=J? New Designator=J3
Change Component Designator: Old Designator=J? New Designator=J4
Change Component Designator: Old Designator=J? New Designator=J5
Change Component Designator: Old Designator=J? New Designator=J6
Change Component Designator: Old Designator=M1 New Designator=M5
Change Component Designator: Old Designator=M2 New Designator=M6
Change Component Designator: Old Designator=M3 New Designator=M7
Change Component Designator: Old Designator=M4 New Designator=M8
Change Component Designator: Old Designator=M5 New Designator=M1
Change Component Designator: Old Designator=M6 New Designator=M2
Change Component Designator: Old Designator=M7 New Designator=M3
Change Component Designator: Old Designator=M8 New Designator=M4
Change Component Designator: Old Designator=T* New Designator=T*1
Change Component Designator: Old Designator=T* New Designator=T*2
Change Component Designator: Old Designator=U1 New Designator=U3
Change Component Designator: Old Designator=U2 New Designator=U4
Change Component Designator: Old Designator=U3 New Designator=U1
Change Component Designator: Old Designator=U4 New Designator=U2
