Change Component Designator: Old Designator=C3 New Designator=C12
Change Component Designator: Old Designator=C4 New Designator=C13
Change Component Designator: Old Designator=C5 New Designator=C8
Change Component Designator: Old Designator=C6 New Designator=C9
Change Component Designator: Old Designator=C7 New Designator=C10
Change Component Designator: Old Designator=C8 New Designator=C11
Change Component Designator: Old Designator=C12 New Designator=C16
Change Component Designator: Old Designator=C13 New Designator=C17
Change Component Designator: Old Designator=C? New Designator=C14
Change Component Designator: Old Designator=C? New Designator=C15
Change Component Designator: Old Designator=F? New Designator=F3
Change Component Designator: Old Designator=J? New Designator=J12
Change Component Designator: Old Designator=J? New Designator=J13
Change Component Designator: Old Designator=LED? New Designator=LED1
Change Component Designator: Old Designator=LED? New Designator=LED2
Change Component Designator: Old Designator=MCU New Designator=MCU1
Change Component Designator: Old Designator=R5 New Designator=R18
Change Component Designator: Old Designator=R6 New Designator=R19
Change Component Designator: Old Designator=R7 New Designator=R20
Change Component Designator: Old Designator=R8 New Designator=R21
Change Component Designator: Old Designator=R9 New Designator=R22
Change Component Designator: Old Designator=R10 New Designator=R23
Change Component Designator: Old Designator=R? New Designator=R16
Change Component Designator: Old Designator=R? New Designator=R17
Change Component Designator: Old Designator=R? New Designator=R24
Change Component Designator: Old Designator=R? New Designator=R25
Change Component Designator: Old Designator=R? New Designator=R26
Change Component Designator: Old Designator=R? New Designator=R27
Change Component Designator: Old Designator=R? New Designator=R28
Change Component Designator: Old Designator=R? New Designator=R29
Change Component Designator: Old Designator=SW1 New Designator=SW3
Change Component Designator: Old Designator=U5 New Designator=U6
Change Component Designator: Old Designator=U? New Designator=U7
Change Component Designator: Old Designator=U? New Designator=U8
Change Component Designator: Old Designator=U? New Designator=U9
Change Component Designator: Old Designator=U? New Designator=U10
